<?xml version="1.0" encoding="UTF-8"?>
<testng-results ignored="0" total="1" passed="1" failed="0" skipped="0">
  <reporter-output>
  </reporter-output>
  <suite started-at="2021-03-08T23:28:16 GMT-12:00" name="Default suite" finished-at="2021-03-08T23:28:39 GMT-12:00" duration-ms="22863">
    <groups>
    </groups>
    <test started-at="2021-03-08T23:28:16 GMT-12:00" name="Default test" finished-at="2021-03-08T23:28:39 GMT-12:00" duration-ms="22863">
      <class name="appiummobile.Fromcommandlinesreverstart">
        <test-method signature="commandlinesreverstart()[pri:0, instance:appiummobile.Fromcommandlinesreverstart@55a147cc]" started-at="2021-03-08T23:28:16 GMT-12:00" name="commandlinesreverstart" finished-at="2021-03-08T23:28:39 GMT-12:00" duration-ms="22776" status="PASS">
          <reporter-output>
          </reporter-output>
        </test-method> <!-- commandlinesreverstart -->
      </class> <!-- appiummobile.Fromcommandlinesreverstart -->
    </test> <!-- Default test -->
  </suite> <!-- Default suite -->
</testng-results>
